<?xml version="1.0" encoding="UTF-8"?>
<!-- Generated by org.testng.reporters.JUnitReportReporter -->
<testsuite hostname="PRATIK" failures="0" tests="2" name="dataDrivenDataProvider.DataProviderWithExcelData" time="0.019" errors="0" timestamp="2022-12-06T12:06:23 IST" skipped="0">
  <testcase classname="dataDrivenDataProvider.DataProviderWithExcelData" name="driveDataFromExcel" time="0.017"/>
  <system-out/>
  <testcase classname="dataDrivenDataProvider.DataProviderWithExcelData" name="driveDataFromExcel" time="0.002"/>
  <system-out/>
</testsuite> <!-- dataDrivenDataProvider.DataProviderWithExcelData -->
